<?xml version="1.0" encoding="UTF-8"?>
<coverage generated="1758899422518" clover="3.2.0">
  <project timestamp="1758899422518" name="All files">
    <metrics statements="115" coveredstatements="111" conditionals="49" coveredconditionals="47" methods="26" coveredmethods="26" elements="190" coveredelements="184" complexity="0" loc="115" ncloc="115" packages="1" files="6" classes="6"/>
    <file name="banner-service.ts" path="/home/tatiw/projetos/b7store/b7store-api/src/services/banner-service.ts">
      <metrics statements="4" coveredstatements="4" conditionals="0" coveredconditionals="0" methods="2" coveredmethods="2"/>
      <line num="1" count="1" type="stmt"/>
      <line num="3" count="1" type="stmt"/>
      <line num="4" count="2" type="stmt"/>
      <line num="8" count="2" type="stmt"/>
    </file>
    <file name="category-service.ts" path="/home/tatiw/projetos/b7store/b7store-api/src/services/category-service.ts">
      <metrics statements="10" coveredstatements="10" conditionals="0" coveredconditionals="0" methods="3" coveredmethods="3"/>
      <line num="1" count="1" type="stmt"/>
      <line num="3" count="1" type="stmt"/>
      <line num="4" count="2" type="stmt"/>
      <line num="10" count="2" type="stmt"/>
      <line num="13" count="1" type="stmt"/>
      <line num="14" count="2" type="stmt"/>
      <line num="20" count="2" type="stmt"/>
      <line num="23" count="1" type="stmt"/>
      <line num="24" count="2" type="stmt"/>
      <line num="34" count="2" type="stmt"/>
    </file>
    <file name="order-service.ts" path="/home/tatiw/projetos/b7store/b7store-api/src/services/order-service.ts">
      <metrics statements="23" coveredstatements="23" conditionals="8" coveredconditionals="8" methods="5" coveredmethods="5"/>
      <line num="3" count="1" type="stmt"/>
      <line num="4" count="1" type="stmt"/>
      <line num="14" count="1" type="stmt"/>
      <line num="15" count="3" type="stmt"/>
      <line num="16" count="3" type="stmt"/>
      <line num="18" count="3" type="stmt"/>
      <line num="19" count="3" type="stmt"/>
      <line num="20" count="3" type="cond" truecount="2" falsecount="0"/>
      <line num="21" count="2" type="stmt"/>
      <line num="22" count="2" type="stmt"/>
      <line num="31" count="3" type="stmt"/>
      <line num="33" count="3" type="stmt"/>
      <line num="50" count="3" type="cond" truecount="2" falsecount="0"/>
      <line num="52" count="2" type="stmt"/>
      <line num="56" count="1" type="stmt"/>
      <line num="57" count="1" type="stmt"/>
      <line num="63" count="1" type="stmt"/>
      <line num="64" count="2" type="stmt"/>
      <line num="76" count="1" type="stmt"/>
      <line num="77" count="3" type="stmt"/>
      <line num="113" count="3" type="cond" truecount="2" falsecount="0"/>
      <line num="115" count="2" type="stmt"/>
      <line num="117" count="2" type="stmt"/>
    </file>
    <file name="payment-service.ts" path="/home/tatiw/projetos/b7store/b7store-api/src/services/payment-service.ts">
      <metrics statements="14" coveredstatements="14" conditionals="4" coveredconditionals="4" methods="2" coveredmethods="2"/>
      <line num="1" count="1" type="stmt"/>
      <line num="7" count="1" type="stmt"/>
      <line num="8" count="3" type="stmt"/>
      <line num="9" count="3" type="stmt"/>
      <line num="10" count="2" type="cond" truecount="2" falsecount="0"/>
      <line num="11" count="1" type="stmt"/>
      <line num="13" count="1" type="stmt"/>
      <line num="18" count="1" type="stmt"/>
      <line num="19" count="3" type="stmt"/>
      <line num="20" count="3" type="stmt"/>
      <line num="21" count="2" type="stmt"/>
      <line num="22" count="2" type="cond" truecount="2" falsecount="0"/>
      <line num="24" count="1" type="stmt"/>
      <line num="26" count="1" type="stmt"/>
    </file>
    <file name="products-service.ts" path="/home/tatiw/projetos/b7store/b7store-api/src/services/products-service.ts">
      <metrics statements="36" coveredstatements="32" conditionals="27" coveredconditionals="25" methods="8" coveredmethods="8"/>
      <line num="1" count="1" type="stmt"/>
      <line num="8" count="1" type="stmt"/>
      <line num="9" count="5" type="stmt"/>
      <line num="10" count="5" type="cond" truecount="2" falsecount="2"/>
      <line num="13" count="5" type="stmt"/>
      <line num="14" count="5" type="stmt"/>
      <line num="16" count="0" type="stmt"/>
      <line num="17" count="0" type="stmt"/>
      <line num="19" count="0" type="stmt"/>
      <line num="20" count="0" type="stmt"/>
      <line num="23" count="5" type="stmt"/>
      <line num="24" count="5" type="cond" truecount="4" falsecount="0"/>
      <line num="25" count="3" type="stmt"/>
      <line num="26" count="3" type="stmt"/>
      <line num="27" count="3" type="stmt"/>
      <line num="28" count="3" type="cond" truecount="2" falsecount="0"/>
      <line num="29" count="4" type="stmt"/>
      <line num="30" count="2" type="cond" truecount="2" falsecount="0"/>
      <line num="31" count="1" type="stmt"/>
      <line num="40" count="3" type="cond" truecount="2" falsecount="0"/>
      <line num="41" count="1" type="stmt"/>
      <line num="46" count="5" type="stmt"/>
      <line num="60" count="5" type="stmt"/>
      <line num="67" count="1" type="stmt"/>
      <line num="68" count="3" type="stmt"/>
      <line num="79" count="3" type="cond" truecount="2" falsecount="0"/>
      <line num="80" count="1" type="stmt"/>
      <line num="82" count="2" type="stmt"/>
      <line num="84" count="2" type="cond" truecount="2" falsecount="0"/>
      <line num="89" count="1" type="stmt"/>
      <line num="90" count="1" type="stmt"/>
      <line num="100" count="1" type="cond" truecount="1" falsecount="0"/>
      <line num="101" count="3" type="stmt"/>
      <line num="105" count="3" type="cond" truecount="2" falsecount="0"/>
      <line num="107" count="2" type="stmt"/>
      <line num="124" count="2" type="stmt"/>
    </file>
    <file name="user-service.ts" path="/home/tatiw/projetos/b7store/b7store-api/src/services/user-service.ts">
      <metrics statements="28" coveredstatements="28" conditionals="10" coveredconditionals="10" methods="6" coveredmethods="6"/>
      <line num="1" count="1" type="stmt"/>
      <line num="3" count="1" type="stmt"/>
      <line num="4" count="1" type="stmt"/>
      <line num="5" count="1" type="stmt"/>
      <line num="6" count="3" type="stmt"/>
      <line num="7" count="3" type="cond" truecount="2" falsecount="0"/>
      <line num="9" count="2" type="stmt"/>
      <line num="10" count="2" type="stmt"/>
      <line num="16" count="2" type="cond" truecount="2" falsecount="0"/>
      <line num="17" count="1" type="stmt"/>
      <line num="22" count="1" type="stmt"/>
      <line num="23" count="3" type="stmt"/>
      <line num="24" count="3" type="cond" truecount="2" falsecount="0"/>
      <line num="26" count="2" type="stmt"/>
      <line num="27" count="2" type="cond" truecount="2" falsecount="0"/>
      <line num="28" count="1" type="stmt"/>
      <line num="29" count="1" type="stmt"/>
      <line num="34" count="1" type="stmt"/>
      <line num="37" count="1" type="stmt"/>
      <line num="38" count="2" type="stmt"/>
      <line num="39" count="2" type="cond" truecount="2" falsecount="0"/>
      <line num="40" count="1" type="stmt"/>
      <line num="43" count="1" type="stmt"/>
      <line num="44" count="1" type="stmt"/>
      <line num="53" count="1" type="stmt"/>
      <line num="54" count="1" type="stmt"/>
      <line num="71" count="1" type="stmt"/>
      <line num="72" count="2" type="stmt"/>
    </file>
  </project>
</coverage>
