{"/home/tatiw/projetos/b7store/b7store-api/src/services/banner-service.ts": {"path":"/home/tatiw/projetos/b7store/b7store-api/src/services/banner-service.ts","statementMap":{"0":{"start":{"line":1,"column":0},"end":{"line":1,"column":40}},"1":{"start":{"line":3,"column":36},"end":{"line":13,"column":1}},"2":{"start":{"line":4,"column":20},"end":{"line":6,"column":6}},"3":{"start":{"line":8,"column":4},"end":{"line":11,"column":8}},"4":{"start":{"line":8,"column":34},"end":{"line":11,"column":6}},"5":{"start":{"line":3,"column":13},"end":{"line":3,"column":36}}},"fnMap":{"0":{"name":"(anonymous_0)","decl":{"start":{"line":3,"column":36},"end":{"line":3,"column":41}},"loc":{"start":{"line":3,"column":47},"end":{"line":13,"column":1}}},"1":{"name":"(anonymous_1)","decl":{"start":{"line":8,"column":23},"end":{"line":8,"column":29}},"loc":{"start":{"line":8,"column":34},"end":{"line":11,"column":6}}}},"branchMap":{},"s":{"0":1,"1":1,"2":2,"3":2,"4":2,"5":1},"f":{"0":2,"1":2},"b":{}}
,"/home/tatiw/projetos/b7store/b7store-api/src/services/category-service.ts": {"path":"/home/tatiw/projetos/b7store/b7store-api/src/services/category-service.ts","statementMap":{"0":{"start":{"line":1,"column":0},"end":{"line":1,"column":39}},"1":{"start":{"line":3,"column":34},"end":{"line":11,"column":1}},"2":{"start":{"line":4,"column":21},"end":{"line":9,"column":6}},"3":{"start":{"line":10,"column":4},"end":{"line":10,"column":null}},"4":{"start":{"line":3,"column":13},"end":{"line":3,"column":34}},"5":{"start":{"line":13,"column":40},"end":{"line":21,"column":1}},"6":{"start":{"line":14,"column":21},"end":{"line":19,"column":6}},"7":{"start":{"line":20,"column":4},"end":{"line":20,"column":null}},"8":{"start":{"line":13,"column":13},"end":{"line":13,"column":40}},"9":{"start":{"line":23,"column":42},"end":{"line":35,"column":1}},"10":{"start":{"line":24,"column":21},"end":{"line":33,"column":6}},"11":{"start":{"line":34,"column":4},"end":{"line":34,"column":null}},"12":{"start":{"line":23,"column":13},"end":{"line":23,"column":42}}},"fnMap":{"0":{"name":"(anonymous_0)","decl":{"start":{"line":3,"column":34},"end":{"line":3,"column":39}},"loc":{"start":{"line":3,"column":55},"end":{"line":11,"column":1}}},"1":{"name":"(anonymous_1)","decl":{"start":{"line":13,"column":40},"end":{"line":13,"column":45}},"loc":{"start":{"line":13,"column":63},"end":{"line":21,"column":1}}},"2":{"name":"(anonymous_2)","decl":{"start":{"line":23,"column":42},"end":{"line":23,"column":47}},"loc":{"start":{"line":23,"column":63},"end":{"line":35,"column":1}}}},"branchMap":{},"s":{"0":1,"1":1,"2":2,"3":2,"4":1,"5":1,"6":2,"7":2,"8":1,"9":1,"10":2,"11":2,"12":1},"f":{"0":2,"1":2,"2":2},"b":{}}
,"/home/tatiw/projetos/b7store/b7store-api/src/services/order-service.ts": {"path":"/home/tatiw/projetos/b7store/b7store-api/src/services/order-service.ts","statementMap":{"0":{"start":{"line":3,"column":0},"end":{"line":3,"column":40}},"1":{"start":{"line":4,"column":0},"end":{"line":4,"column":59}},"2":{"start":{"line":14,"column":34},"end":{"line":53,"column":1}},"3":{"start":{"line":15,"column":19},"end":{"line":15,"column":20}},"4":{"start":{"line":16,"column":21},"end":{"line":16,"column":23}},"5":{"start":{"line":18,"column":4},"end":{"line":29,"column":5}},"6":{"start":{"line":19,"column":24},"end":{"line":19,"column":71}},"7":{"start":{"line":20,"column":8},"end":{"line":27,"column":9}},"8":{"start":{"line":21,"column":12},"end":{"line":21,"column":null}},"9":{"start":{"line":22,"column":12},"end":{"line":26,"column":null}},"10":{"start":{"line":31,"column":16},"end":{"line":31,"column":39}},"11":{"start":{"line":33,"column":18},"end":{"line":48,"column":6}},"12":{"start":{"line":50,"column":4},"end":{"line":50,"column":28}},"13":{"start":{"line":50,"column":16},"end":{"line":50,"column":28}},"14":{"start":{"line":52,"column":4},"end":{"line":52,"column":null}},"15":{"start":{"line":14,"column":13},"end":{"line":14,"column":34}},"16":{"start":{"line":56,"column":40},"end":{"line":61,"column":1}},"17":{"start":{"line":57,"column":4},"end":{"line":60,"column":null}},"18":{"start":{"line":56,"column":13},"end":{"line":56,"column":40}},"19":{"start":{"line":63,"column":36},"end":{"line":74,"column":1}},"20":{"start":{"line":64,"column":4},"end":{"line":73,"column":null}},"21":{"start":{"line":63,"column":13},"end":{"line":63,"column":36}},"22":{"start":{"line":76,"column":35},"end":{"line":126,"column":1}},"23":{"start":{"line":77,"column":18},"end":{"line":112,"column":6}},"24":{"start":{"line":113,"column":4},"end":{"line":113,"column":28}},"25":{"start":{"line":113,"column":16},"end":{"line":113,"column":28}},"26":{"start":{"line":115,"column":4},"end":{"line":125,"column":null}},"27":{"start":{"line":117,"column":53},"end":{"line":124,"column":10}},"28":{"start":{"line":76,"column":13},"end":{"line":76,"column":35}}},"fnMap":{"0":{"name":"(anonymous_0)","decl":{"start":{"line":14,"column":34},"end":{"line":14,"column":39}},"loc":{"start":{"line":14,"column":117},"end":{"line":53,"column":1}}},"1":{"name":"(anonymous_1)","decl":{"start":{"line":56,"column":40},"end":{"line":56,"column":45}},"loc":{"start":{"line":56,"column":95},"end":{"line":61,"column":1}}},"2":{"name":"(anonymous_2)","decl":{"start":{"line":63,"column":36},"end":{"line":63,"column":41}},"loc":{"start":{"line":63,"column":61},"end":{"line":74,"column":1}}},"3":{"name":"(anonymous_3)","decl":{"start":{"line":76,"column":35},"end":{"line":76,"column":40}},"loc":{"start":{"line":76,"column":72},"end":{"line":126,"column":1}}},"4":{"name":"(anonymous_4)","decl":{"start":{"line":117,"column":44},"end":{"line":117,"column":48}},"loc":{"start":{"line":117,"column":53},"end":{"line":124,"column":10}}}},"branchMap":{"0":{"loc":{"start":{"line":20,"column":8},"end":{"line":27,"column":9}},"type":"if","locations":[{"start":{"line":20,"column":8},"end":{"line":27,"column":9}},{"start":{},"end":{}}]},"1":{"loc":{"start":{"line":50,"column":4},"end":{"line":50,"column":28}},"type":"if","locations":[{"start":{"line":50,"column":4},"end":{"line":50,"column":28}},{"start":{},"end":{}}]},"2":{"loc":{"start":{"line":113,"column":4},"end":{"line":113,"column":28}},"type":"if","locations":[{"start":{"line":113,"column":4},"end":{"line":113,"column":28}},{"start":{},"end":{}}]},"3":{"loc":{"start":{"line":121,"column":23},"end":{"line":121,"column":106}},"type":"cond-expr","locations":[{"start":{"line":121,"column":48},"end":{"line":121,"column":99}},{"start":{"line":121,"column":102},"end":{"line":121,"column":106}}]}},"s":{"0":1,"1":1,"2":1,"3":3,"4":3,"5":3,"6":3,"7":3,"8":2,"9":2,"10":3,"11":3,"12":3,"13":1,"14":2,"15":1,"16":1,"17":1,"18":1,"19":1,"20":2,"21":1,"22":1,"23":3,"24":3,"25":1,"26":2,"27":2,"28":1},"f":{"0":3,"1":1,"2":2,"3":3,"4":2},"b":{"0":[2,1],"1":[1,2],"2":[1,2],"3":[1,1]}}
,"/home/tatiw/projetos/b7store/b7store-api/src/services/payment-service.ts": {"path":"/home/tatiw/projetos/b7store/b7store-api/src/services/payment-service.ts","statementMap":{"0":{"start":{"line":1,"column":0},"end":{"line":1,"column":87}},"1":{"start":{"line":7,"column":40},"end":{"line":16,"column":1}},"2":{"start":{"line":8,"column":4},"end":{"line":14,"column":5}},"3":{"start":{"line":9,"column":24},"end":{"line":9,"column":90}},"4":{"start":{"line":10,"column":8},"end":{"line":10,"column":34}},"5":{"start":{"line":10,"column":22},"end":{"line":10,"column":34}},"6":{"start":{"line":11,"column":8},"end":{"line":11,"column":27}},"7":{"start":{"line":13,"column":8},"end":{"line":13,"column":20}},"8":{"start":{"line":7,"column":13},"end":{"line":7,"column":40}},"9":{"start":{"line":18,"column":44},"end":{"line":29,"column":1}},"10":{"start":{"line":19,"column":4},"end":{"line":27,"column":5}},"11":{"start":{"line":20,"column":24},"end":{"line":20,"column":65}},"12":{"start":{"line":21,"column":24},"end":{"line":21,"column":49}},"13":{"start":{"line":22,"column":8},"end":{"line":22,"column":34}},"14":{"start":{"line":22,"column":22},"end":{"line":22,"column":34}},"15":{"start":{"line":24,"column":8},"end":{"line":24,"column":33}},"16":{"start":{"line":26,"column":8},"end":{"line":26,"column":20}},"17":{"start":{"line":18,"column":13},"end":{"line":18,"column":44}}},"fnMap":{"0":{"name":"(anonymous_0)","decl":{"start":{"line":7,"column":40},"end":{"line":7,"column":45}},"loc":{"start":{"line":7,"column":103},"end":{"line":16,"column":1}}},"1":{"name":"(anonymous_1)","decl":{"start":{"line":18,"column":44},"end":{"line":18,"column":49}},"loc":{"start":{"line":18,"column":72},"end":{"line":29,"column":1}}}},"branchMap":{"0":{"loc":{"start":{"line":10,"column":8},"end":{"line":10,"column":34}},"type":"if","locations":[{"start":{"line":10,"column":8},"end":{"line":10,"column":34}},{"start":{},"end":{}}]},"1":{"loc":{"start":{"line":22,"column":8},"end":{"line":22,"column":34}},"type":"if","locations":[{"start":{"line":22,"column":8},"end":{"line":22,"column":34}},{"start":{},"end":{}}]}},"s":{"0":1,"1":1,"2":3,"3":3,"4":2,"5":1,"6":1,"7":1,"8":1,"9":1,"10":3,"11":3,"12":2,"13":2,"14":1,"15":1,"16":1,"17":1},"f":{"0":3,"1":3},"b":{"0":[1,1],"1":[1,1]}}
,"/home/tatiw/projetos/b7store/b7store-api/src/services/products-service.ts": {"path":"/home/tatiw/projetos/b7store/b7store-api/src/services/products-service.ts","statementMap":{"0":{"start":{"line":1,"column":0},"end":{"line":1,"column":40}},"1":{"start":{"line":8,"column":37},"end":{"line":65,"column":1}},"2":{"start":{"line":9,"column":18},"end":{"line":9,"column":20}},"3":{"start":{"line":10,"column":4},"end":{"line":21,"column":5}},"4":{"start":{"line":13,"column":12},"end":{"line":13,"column":45}},"5":{"start":{"line":14,"column":12},"end":{"line":14,"column":18}},"6":{"start":{"line":16,"column":12},"end":{"line":16,"column":40}},"7":{"start":{"line":17,"column":12},"end":{"line":17,"column":18}},"8":{"start":{"line":19,"column":12},"end":{"line":19,"column":39}},"9":{"start":{"line":20,"column":12},"end":{"line":20,"column":18}},"10":{"start":{"line":23,"column":21},"end":{"line":23,"column":23}},"11":{"start":{"line":24,"column":4},"end":{"line":44,"column":5}},"12":{"start":{"line":25,"column":26},"end":{"line":25,"column":28}},"13":{"start":{"line":26,"column":8},"end":{"line":39,"column":9}},"14":{"start":{"line":27,"column":26},"end":{"line":27,"column":62}},"15":{"start":{"line":28,"column":12},"end":{"line":28,"column":52}},"16":{"start":{"line":28,"column":43},"end":{"line":28,"column":52}},"17":{"start":{"line":29,"column":30},"end":{"line":29,"column":81}},"18":{"start":{"line":29,"column":56},"end":{"line":29,"column":64}},"19":{"start":{"line":30,"column":12},"end":{"line":30,"column":49}},"20":{"start":{"line":30,"column":40},"end":{"line":30,"column":49}},"21":{"start":{"line":31,"column":12},"end":{"line":38,"column":null}},"22":{"start":{"line":40,"column":8},"end":{"line":43,"column":9}},"23":{"start":{"line":41,"column":12},"end":{"line":41,"column":null}},"24":{"start":{"line":46,"column":21},"end":{"line":59,"column":6}},"25":{"start":{"line":60,"column":4},"end":{"line":64,"column":8}},"26":{"start":{"line":60,"column":36},"end":{"line":64,"column":6}},"27":{"start":{"line":8,"column":13},"end":{"line":8,"column":37}},"28":{"start":{"line":67,"column":37},"end":{"line":86,"column":1}},"29":{"start":{"line":68,"column":20},"end":{"line":78,"column":6}},"30":{"start":{"line":79,"column":4},"end":{"line":81,"column":5}},"31":{"start":{"line":80,"column":8},"end":{"line":80,"column":20}},"32":{"start":{"line":82,"column":4},"end":{"line":85,"column":null}},"33":{"start":{"line":84,"column":70},"end":{"line":84,"column":102}},"34":{"start":{"line":67,"column":13},"end":{"line":67,"column":37}},"35":{"start":{"line":89,"column":44},"end":{"line":98,"column":1}},"36":{"start":{"line":90,"column":4},"end":{"line":97,"column":null}},"37":{"start":{"line":89,"column":13},"end":{"line":89,"column":44}},"38":{"start":{"line":100,"column":50},"end":{"line":130,"column":1}},"39":{"start":{"line":101,"column":20},"end":{"line":104,"column":6}},"40":{"start":{"line":105,"column":4},"end":{"line":105,"column":null}},"41":{"start":{"line":105,"column":18},"end":{"line":105,"column":null}},"42":{"start":{"line":107,"column":21},"end":{"line":123,"column":6}},"43":{"start":{"line":124,"column":4},"end":{"line":129,"column":null}},"44":{"start":{"line":124,"column":36},"end":{"line":128,"column":6}},"45":{"start":{"line":100,"column":13},"end":{"line":100,"column":50}}},"fnMap":{"0":{"name":"(anonymous_0)","decl":{"start":{"line":8,"column":37},"end":{"line":8,"column":42}},"loc":{"start":{"line":8,"column":71},"end":{"line":65,"column":1}}},"1":{"name":"(anonymous_1)","decl":{"start":{"line":29,"column":51},"end":{"line":29,"column":52}},"loc":{"start":{"line":29,"column":56},"end":{"line":29,"column":64}}},"2":{"name":"(anonymous_2)","decl":{"start":{"line":60,"column":24},"end":{"line":60,"column":31}},"loc":{"start":{"line":60,"column":36},"end":{"line":64,"column":6}}},"3":{"name":"(anonymous_3)","decl":{"start":{"line":67,"column":37},"end":{"line":67,"column":42}},"loc":{"start":{"line":67,"column":58},"end":{"line":86,"column":1}}},"4":{"name":"(anonymous_4)","decl":{"start":{"line":84,"column":63},"end":{"line":84,"column":66}},"loc":{"start":{"line":84,"column":70},"end":{"line":84,"column":102}}},"5":{"name":"(anonymous_5)","decl":{"start":{"line":89,"column":44},"end":{"line":89,"column":49}},"loc":{"start":{"line":89,"column":65},"end":{"line":98,"column":1}}},"6":{"name":"(anonymous_6)","decl":{"start":{"line":100,"column":50},"end":{"line":100,"column":55}},"loc":{"start":{"line":100,"column":90},"end":{"line":130,"column":1}}},"7":{"name":"(anonymous_7)","decl":{"start":{"line":124,"column":24},"end":{"line":124,"column":31}},"loc":{"start":{"line":124,"column":36},"end":{"line":128,"column":6}}}},"branchMap":{"0":{"loc":{"start":{"line":10,"column":4},"end":{"line":21,"column":5}},"type":"switch","locations":[{"start":{"line":11,"column":8},"end":{"line":11,"column":21}},{"start":{"line":12,"column":8},"end":{"line":14,"column":18}},{"start":{"line":15,"column":8},"end":{"line":17,"column":18}},{"start":{"line":18,"column":8},"end":{"line":20,"column":18}}]},"1":{"loc":{"start":{"line":24,"column":4},"end":{"line":44,"column":5}},"type":"if","locations":[{"start":{"line":24,"column":4},"end":{"line":44,"column":5}},{"start":{},"end":{}}]},"2":{"loc":{"start":{"line":24,"column":8},"end":{"line":24,"column":64}},"type":"binary-expr","locations":[{"start":{"line":24,"column":8},"end":{"line":24,"column":24}},{"start":{"line":24,"column":28},"end":{"line":24,"column":64}}]},"3":{"loc":{"start":{"line":28,"column":12},"end":{"line":28,"column":52}},"type":"if","locations":[{"start":{"line":28,"column":12},"end":{"line":28,"column":52}},{"start":{},"end":{}}]},"4":{"loc":{"start":{"line":30,"column":12},"end":{"line":30,"column":49}},"type":"if","locations":[{"start":{"line":30,"column":12},"end":{"line":30,"column":49}},{"start":{},"end":{}}]},"5":{"loc":{"start":{"line":40,"column":8},"end":{"line":43,"column":9}},"type":"if","locations":[{"start":{"line":40,"column":8},"end":{"line":43,"column":9}},{"start":{},"end":{}}]},"6":{"loc":{"start":{"line":58,"column":14},"end":{"line":58,"column":40}},"type":"binary-expr","locations":[{"start":{"line":58,"column":14},"end":{"line":58,"column":27}},{"start":{"line":58,"column":31},"end":{"line":58,"column":40}}]},"7":{"loc":{"start":{"line":62,"column":15},"end":{"line":62,"column":88}},"type":"cond-expr","locations":[{"start":{"line":62,"column":35},"end":{"line":62,"column":81}},{"start":{"line":62,"column":84},"end":{"line":62,"column":88}}]},"8":{"loc":{"start":{"line":79,"column":4},"end":{"line":81,"column":5}},"type":"if","locations":[{"start":{"line":79,"column":4},"end":{"line":81,"column":5}},{"start":{},"end":{}}]},"9":{"loc":{"start":{"line":84,"column":16},"end":{"line":84,"column":108}},"type":"cond-expr","locations":[{"start":{"line":84,"column":44},"end":{"line":84,"column":103}},{"start":{"line":84,"column":106},"end":{"line":84,"column":108}}]},"10":{"loc":{"start":{"line":100,"column":69},"end":{"line":100,"column":86}},"type":"default-arg","locations":[{"start":{"line":100,"column":85},"end":{"line":100,"column":86}}]},"11":{"loc":{"start":{"line":105,"column":4},"end":{"line":105,"column":null}},"type":"if","locations":[{"start":{"line":105,"column":4},"end":{"line":105,"column":null}},{"start":{},"end":{}}]},"12":{"loc":{"start":{"line":126,"column":15},"end":{"line":126,"column":88}},"type":"cond-expr","locations":[{"start":{"line":126,"column":35},"end":{"line":126,"column":81}},{"start":{"line":126,"column":84},"end":{"line":126,"column":88}}]}},"s":{"0":1,"1":1,"2":5,"3":5,"4":5,"5":5,"6":0,"7":0,"8":0,"9":0,"10":5,"11":5,"12":3,"13":3,"14":3,"15":3,"16":1,"17":2,"18":4,"19":2,"20":1,"21":1,"22":3,"23":1,"24":5,"25":5,"26":2,"27":1,"28":1,"29":3,"30":3,"31":1,"32":2,"33":2,"34":1,"35":1,"36":1,"37":1,"38":1,"39":3,"40":3,"41":1,"42":2,"43":2,"44":2,"45":1},"f":{"0":5,"1":4,"2":2,"3":3,"4":2,"5":1,"6":3,"7":2},"b":{"0":[1,5,0,0],"1":[3,2],"2":[5,3],"3":[1,2],"4":[1,1],"5":[1,2],"6":[5,4],"7":[1,1],"8":[1,2],"9":[1,1],"10":[3],"11":[1,2],"12":[1,1]}}
,"/home/tatiw/projetos/b7store/b7store-api/src/services/user-service.ts": {"path":"/home/tatiw/projetos/b7store/b7store-api/src/services/user-service.ts","statementMap":{"0":{"start":{"line":1,"column":0},"end":{"line":1,"column":39}},"1":{"start":{"line":3,"column":0},"end":{"line":3,"column":40}},"2":{"start":{"line":4,"column":0},"end":{"line":4,"column":25}},"3":{"start":{"line":5,"column":33},"end":{"line":20,"column":1}},"4":{"start":{"line":6,"column":26},"end":{"line":6,"column":76}},"5":{"start":{"line":7,"column":4},"end":{"line":7,"column":null}},"6":{"start":{"line":7,"column":23},"end":{"line":7,"column":null}},"7":{"start":{"line":9,"column":25},"end":{"line":9,"column":49}},"8":{"start":{"line":10,"column":17},"end":{"line":14,"column":6}},"9":{"start":{"line":16,"column":4},"end":{"line":16,"column":null}},"10":{"start":{"line":16,"column":15},"end":{"line":16,"column":null}},"11":{"start":{"line":17,"column":4},"end":{"line":19,"column":null}},"12":{"start":{"line":5,"column":13},"end":{"line":5,"column":33}},"13":{"start":{"line":22,"column":32},"end":{"line":35,"column":1}},"14":{"start":{"line":23,"column":17},"end":{"line":23,"column":67}},"15":{"start":{"line":24,"column":4},"end":{"line":24,"column":null}},"16":{"start":{"line":24,"column":15},"end":{"line":24,"column":null}},"17":{"start":{"line":26,"column":26},"end":{"line":26,"column":64}},"18":{"start":{"line":27,"column":4},"end":{"line":27,"column":null}},"19":{"start":{"line":27,"column":24},"end":{"line":27,"column":null}},"20":{"start":{"line":28,"column":18},"end":{"line":28,"column":22}},"21":{"start":{"line":29,"column":4},"end":{"line":32,"column":null}},"22":{"start":{"line":34,"column":4},"end":{"line":34,"column":null}},"23":{"start":{"line":22,"column":13},"end":{"line":22,"column":32}},"24":{"start":{"line":37,"column":39},"end":{"line":41,"column":1}},"25":{"start":{"line":38,"column":17},"end":{"line":38,"column":66}},"26":{"start":{"line":39,"column":4},"end":{"line":39,"column":null}},"27":{"start":{"line":39,"column":15},"end":{"line":39,"column":null}},"28":{"start":{"line":40,"column":4},"end":{"line":40,"column":null}},"29":{"start":{"line":37,"column":13},"end":{"line":37,"column":39}},"30":{"start":{"line":43,"column":36},"end":{"line":51,"column":1}},"31":{"start":{"line":44,"column":4},"end":{"line":49,"column":null}},"32":{"start":{"line":43,"column":13},"end":{"line":43,"column":36}},"33":{"start":{"line":53,"column":33},"end":{"line":69,"column":1}},"34":{"start":{"line":54,"column":4},"end":{"line":67,"column":null}},"35":{"start":{"line":53,"column":13},"end":{"line":53,"column":33}},"36":{"start":{"line":71,"column":37},"end":{"line":87,"column":1}},"37":{"start":{"line":72,"column":4},"end":{"line":85,"column":null}},"38":{"start":{"line":71,"column":13},"end":{"line":71,"column":37}}},"fnMap":{"0":{"name":"(anonymous_0)","decl":{"start":{"line":5,"column":33},"end":{"line":5,"column":38}},"loc":{"start":{"line":5,"column":89},"end":{"line":20,"column":1}}},"1":{"name":"(anonymous_1)","decl":{"start":{"line":22,"column":32},"end":{"line":22,"column":37}},"loc":{"start":{"line":22,"column":74},"end":{"line":35,"column":1}}},"2":{"name":"(anonymous_2)","decl":{"start":{"line":37,"column":39},"end":{"line":37,"column":44}},"loc":{"start":{"line":37,"column":63},"end":{"line":41,"column":1}}},"3":{"name":"(anonymous_3)","decl":{"start":{"line":43,"column":36},"end":{"line":43,"column":41}},"loc":{"start":{"line":43,"column":79},"end":{"line":51,"column":1}}},"4":{"name":"(anonymous_4)","decl":{"start":{"line":53,"column":33},"end":{"line":53,"column":38}},"loc":{"start":{"line":53,"column":58},"end":{"line":69,"column":1}}},"5":{"name":"(anonymous_5)","decl":{"start":{"line":71,"column":37},"end":{"line":71,"column":42}},"loc":{"start":{"line":71,"column":81},"end":{"line":87,"column":1}}}},"branchMap":{"0":{"loc":{"start":{"line":7,"column":4},"end":{"line":7,"column":null}},"type":"if","locations":[{"start":{"line":7,"column":4},"end":{"line":7,"column":null}},{"start":{},"end":{}}]},"1":{"loc":{"start":{"line":16,"column":4},"end":{"line":16,"column":null}},"type":"if","locations":[{"start":{"line":16,"column":4},"end":{"line":16,"column":null}},{"start":{},"end":{}}]},"2":{"loc":{"start":{"line":24,"column":4},"end":{"line":24,"column":null}},"type":"if","locations":[{"start":{"line":24,"column":4},"end":{"line":24,"column":null}},{"start":{},"end":{}}]},"3":{"loc":{"start":{"line":27,"column":4},"end":{"line":27,"column":null}},"type":"if","locations":[{"start":{"line":27,"column":4},"end":{"line":27,"column":null}},{"start":{},"end":{}}]},"4":{"loc":{"start":{"line":39,"column":4},"end":{"line":39,"column":null}},"type":"if","locations":[{"start":{"line":39,"column":4},"end":{"line":39,"column":null}},{"start":{},"end":{}}]}},"s":{"0":1,"1":1,"2":1,"3":1,"4":3,"5":3,"6":1,"7":2,"8":2,"9":2,"10":1,"11":1,"12":1,"13":1,"14":3,"15":3,"16":1,"17":2,"18":2,"19":1,"20":1,"21":1,"22":1,"23":1,"24":1,"25":2,"26":2,"27":1,"28":1,"29":1,"30":1,"31":1,"32":1,"33":1,"34":1,"35":1,"36":1,"37":2,"38":1},"f":{"0":3,"1":3,"2":2,"3":1,"4":1,"5":2},"b":{"0":[1,2],"1":[1,1],"2":[1,2],"3":[1,1],"4":[1,1]}}
}
