TN:
SF:src/controllers/banner-controller.ts
FN:7,(anonymous_0)
FN:9,(anonymous_1)
FNF:2
FNH:0
FNDA:0,(anonymous_0)
FNDA:0,(anonymous_1)
DA:1,13
DA:2,13
DA:4,13
DA:7,13
DA:8,0
DA:9,0
DA:13,0
LF:7
LH:4
BRF:0
BRH:0
end_of_record
TN:
SF:src/controllers/cart-controller.ts
FN:15,(anonymous_0)
FN:27,(anonymous_1)
FN:47,(anonymous_2)
FN:69,(anonymous_3)
FNF:4
FNH:4
FNDA:3,(anonymous_0)
FNDA:2,(anonymous_1)
FNDA:2,(anonymous_2)
FNDA:3,(anonymous_3)
DA:1,13
DA:3,13
DA:4,13
DA:5,13
DA:6,13
DA:7,13
DA:8,13
DA:9,13
DA:10,13
DA:11,13
DA:15,13
DA:16,3
DA:17,3
DA:18,1
DA:26,2
DA:28,2
DA:29,2
DA:31,1
DA:43,2
DA:47,13
DA:48,2
DA:49,2
DA:50,1
DA:58,1
DA:69,13
DA:70,3
DA:72,3
DA:73,1
DA:80,2
DA:81,2
DA:82,0
DA:90,2
DA:92,2
DA:93,2
DA:95,1
DA:102,1
DA:109,1
DA:110,0
DA:118,1
DA:124,1
DA:125,0
DA:132,1
LF:42
LH:39
BRDA:17,0,0,1
BRDA:17,0,1,2
BRDA:29,1,0,1
BRDA:29,1,1,1
BRDA:35,2,0,1
BRDA:35,2,1,0
BRDA:49,3,0,1
BRDA:49,3,1,1
BRDA:72,4,0,1
BRDA:72,4,1,2
BRDA:81,5,0,0
BRDA:81,5,1,2
BRDA:93,6,0,1
BRDA:93,6,1,1
BRDA:109,7,0,0
BRDA:109,7,1,1
BRDA:124,8,0,0
BRDA:124,8,1,1
BRF:18
BRH:14
end_of_record
TN:
SF:src/controllers/category-controller.ts
FN:6,(anonymous_0)
FNF:1
FNH:1
FNDA:2,(anonymous_0)
DA:1,13
DA:2,13
DA:3,13
DA:6,13
DA:7,2
DA:9,2
DA:10,2
DA:11,1
DA:19,1
DA:22,1
LF:10
LH:10
BRDA:7,0,0,0
BRDA:7,0,1,2
BRDA:10,1,0,1
BRDA:10,1,1,1
BRF:4
BRH:3
end_of_record
TN:
SF:src/controllers/favorites-controller.ts
FN:7,(anonymous_0)
FN:38,(anonymous_1)
FN:57,(anonymous_2)
FNF:3
FNH:3
FNDA:3,(anonymous_0)
FNDA:1,(anonymous_1)
FNDA:2,(anonymous_2)
DA:2,13
DA:3,13
DA:4,13
DA:5,13
DA:7,13
DA:8,3
DA:9,3
DA:10,0
DA:17,3
DA:19,3
DA:20,1
DA:28,2
DA:32,2
DA:38,13
DA:39,1
DA:40,1
DA:41,0
DA:48,1
DA:50,1
DA:57,13
DA:58,2
DA:59,2
DA:60,0
DA:67,2
DA:68,2
DA:69,1
DA:77,1
DA:79,1
DA:81,1
LF:29
LH:26
BRDA:9,0,0,0
BRDA:9,0,1,3
BRDA:19,1,0,1
BRDA:19,1,1,2
BRDA:32,2,0,1
BRDA:32,2,1,1
BRDA:40,3,0,0
BRDA:40,3,1,1
BRDA:59,4,0,0
BRDA:59,4,1,2
BRDA:68,5,0,1
BRDA:68,5,1,1
BRF:12
BRH:9
end_of_record
TN:
SF:src/controllers/order-controller.ts
FN:10,(anonymous_0)
FN:36,(anonymous_1)
FN:54,(anonymous_2)
FNF:3
FNH:2
FNDA:0,(anonymous_0)
FNDA:2,(anonymous_1)
FNDA:3,(anonymous_2)
DA:1,13
DA:2,13
DA:3,13
DA:4,13
DA:5,13
DA:6,13
DA:10,13
DA:11,0
DA:12,0
DA:13,0
DA:21,0
DA:23,0
DA:24,0
DA:25,0
DA:32,0
DA:36,13
DA:37,2
DA:38,2
DA:39,1
DA:47,1
DA:50,1
DA:54,13
DA:55,3
DA:56,3
DA:57,0
DA:63,3
DA:64,3
DA:65,1
DA:73,2
DA:75,2
DA:76,2
DA:77,1
DA:85,1
LF:33
LH:24
BRDA:12,0,0,0
BRDA:12,0,1,0
BRDA:24,1,0,0
BRDA:24,1,1,0
BRDA:38,2,0,1
BRDA:38,2,1,1
BRDA:56,3,0,0
BRDA:56,3,1,3
BRDA:64,4,0,1
BRDA:64,4,1,2
BRDA:76,5,0,1
BRDA:76,5,1,1
BRF:12
BRH:7
end_of_record
TN:
SF:src/controllers/products-controller.ts
FN:13,(anonymous_0)
FN:47,(anonymous_1)
FN:58,(anonymous_2)
FN:82,(anonymous_3)
FN:100,(anonymous_4)
FN:120,(anonymous_5)
FNF:6
FNH:6
FNDA:2,(anonymous_0)
FNDA:1,(anonymous_1)
FNDA:2,(anonymous_2)
FNDA:1,(anonymous_3)
FNDA:1,(anonymous_4)
FNDA:1,(anonymous_5)
DA:2,13
DA:3,13
DA:4,13
DA:5,13
DA:7,13
DA:8,13
DA:9,13
DA:10,13
DA:13,13
DA:14,2
DA:16,2
DA:17,0
DA:24,2
DA:27,2
DA:28,2
DA:30,1
DA:38,1
DA:47,1
DA:54,1
DA:58,13
DA:59,2
DA:61,2
DA:62,0
DA:70,2
DA:71,2
DA:72,2
DA:73,1
DA:80,1
DA:82,1
DA:85,1
DA:86,1
DA:89,1
DA:100,13
DA:101,1
DA:102,1
DA:104,1
DA:105,0
DA:116,1
DA:117,1
DA:118,1
DA:120,1
DA:127,1
LF:42
LH:39
BRDA:16,0,0,0
BRDA:16,0,1,2
BRDA:28,1,0,1
BRDA:28,1,1,1
BRDA:49,2,0,1
BRDA:49,2,1,0
BRDA:61,3,0,0
BRDA:61,3,1,2
BRDA:72,4,0,1
BRDA:72,4,1,1
BRDA:104,5,0,0
BRDA:104,5,1,1
BRDA:104,6,0,1
BRDA:104,6,1,1
BRDA:110,7,0,0
BRDA:110,7,1,0
BRDA:111,8,0,0
BRDA:111,8,1,0
BRDA:118,9,0,1
BRDA:118,9,1,0
BRDA:122,10,0,1
BRDA:122,10,1,0
BRF:22
BRH:12
end_of_record
TN:
SF:src/controllers/user-controller.ts
FN:15,(anonymous_0)
FN:35,(anonymous_1)
FN:67,(anonymous_2)
FN:85,(anonymous_3)
FN:109,(anonymous_4)
FN:120,(anonymous_5)
FN:138,(anonymous_6)
FNF:7
FNH:6
FNDA:2,(anonymous_0)
FNDA:3,(anonymous_1)
FNDA:0,(anonymous_2)
FNDA:4,(anonymous_3)
FNDA:2,(anonymous_4)
FNDA:3,(anonymous_5)
FNDA:3,(anonymous_6)
DA:2,13
DA:3,13
DA:4,13
DA:5,13
DA:6,13
DA:7,13
DA:8,13
DA:9,13
DA:10,13
DA:11,13
DA:15,13
DA:16,2
DA:22,2
DA:23,2
DA:24,1
DA:31,1
DA:35,13
DA:36,3
DA:43,2
DA:44,2
DA:45,1
DA:52,1
DA:54,1
DA:58,1
DA:67,13
DA:68,0
DA:69,0
DA:71,0
DA:72,0
DA:79,0
DA:85,13
DA:86,4
DA:88,4
DA:94,3
DA:96,3
DA:97,1
DA:104,2
DA:109,13
DA:110,2
DA:112,2
DA:114,2
DA:120,13
DA:121,3
DA:123,3
DA:125,2
DA:127,2
DA:128,1
DA:135,1
DA:138,13
DA:139,3
DA:140,3
DA:141,3
DA:147,2
DA:149,2
DA:150,1
DA:157,1
LF:56
LH:51
BRDA:23,0,0,1
BRDA:23,0,1,1
BRDA:44,1,0,1
BRDA:44,1,1,1
BRDA:71,2,0,0
BRDA:71,2,1,0
BRDA:96,3,0,1
BRDA:96,3,1,2
BRDA:127,4,0,1
BRDA:127,4,1,1
BRDA:149,5,0,1
BRDA:149,5,1,1
BRF:12
BRH:10
end_of_record
TN:
SF:src/controllers/webhook-controller.ts
FN:7,(anonymous_0)
FNF:1
FNH:1
FNDA:4,(anonymous_0)
DA:1,13
DA:2,13
DA:3,13
DA:7,13
DA:8,4
DA:9,4
DA:10,4
DA:11,4
DA:12,4
DA:13,3
DA:14,3
DA:17,3
DA:21,2
DA:22,2
DA:25,1
DA:26,1
DA:31,4
LF:17
LH:17
BRDA:12,0,0,3
BRDA:12,0,1,1
BRDA:17,1,0,1
BRDA:17,1,1,2
BRDA:17,1,2,1
BRDA:17,1,3,1
BRF:6
BRH:6
end_of_record
TN:
SF:src/controllers/auth/logout-controller.ts
FN:6,(anonymous_0)
FNF:1
FNH:1
FNDA:2,(anonymous_0)
DA:2,13
DA:3,13
DA:4,13
DA:6,13
DA:7,2
DA:9,2
DA:10,1
DA:13,2
DA:17,2
LF:9
LH:9
BRDA:9,0,0,1
BRDA:9,0,1,1
BRF:2
BRH:2
end_of_record
TN:
SF:src/controllers/auth/refresh-token-controller.ts
FN:7,(anonymous_0)
FNF:1
FNH:0
FNDA:0,(anonymous_0)
DA:2,13
DA:3,13
DA:4,13
DA:5,13
DA:7,13
DA:9,0
DA:11,0
DA:12,0
DA:19,0
DA:20,0
DA:22,0
DA:26,0
DA:35,0
LF:13
LH:5
BRDA:11,0,0,0
BRDA:11,0,1,0
BRF:2
BRH:0
end_of_record
TN:
SF:src/controllers/helpers/getAuthenticatedUser.ts
FN:4,getAuthenticatedUser
FNF:1
FNH:1
FNDA:12,getAuthenticatedUser
DA:1,13
DA:2,13
DA:4,13
DA:5,12
DA:7,12
DA:8,0
DA:15,12
LF:7
LH:6
BRDA:7,0,0,0
BRDA:7,0,1,12
BRF:2
BRH:1
end_of_record
TN:
SF:src/controllers/helpers/parsedIdParams.ts
FN:4,parseIdParam
FNF:1
FNH:1
FNDA:6,parseIdParam
DA:1,13
DA:2,13
DA:4,13
DA:7,6
DA:8,0
DA:15,6
DA:16,0
DA:24,6
DA:26,6
DA:27,1
DA:33,5
LF:11
LH:9
BRDA:6,0,0,0
BRDA:7,1,0,0
BRDA:7,1,1,6
BRDA:15,2,0,0
BRDA:15,2,1,6
BRDA:26,3,0,1
BRDA:26,3,1,5
BRF:7
BRH:4
end_of_record
TN:
SF:src/controllers/helpers/validateSchema.ts
FN:5,validateSchema
FNF:1
FNH:1
FNDA:12,validateSchema
DA:2,13
DA:3,13
DA:5,13
DA:10,12
DA:12,12
DA:13,3
DA:21,9
LF:7
LH:7
BRDA:8,0,0,0
BRDA:12,1,0,3
BRDA:12,1,1,9
BRF:3
BRH:2
end_of_record
TN:
SF:src/services/banner-service.ts
FN:3,(anonymous_0)
FN:8,(anonymous_1)
FNF:2
FNH:2
FNDA:2,(anonymous_0)
FNDA:2,(anonymous_1)
DA:1,14
DA:3,14
DA:4,2
DA:8,2
LF:4
LH:4
BRF:0
BRH:0
end_of_record
TN:
SF:src/services/category-service.ts
FN:3,(anonymous_0)
FN:13,(anonymous_1)
FN:23,(anonymous_2)
FNF:3
FNH:3
FNDA:2,(anonymous_0)
FNDA:2,(anonymous_1)
FNDA:2,(anonymous_2)
DA:1,12
DA:3,12
DA:4,2
DA:10,2
DA:13,12
DA:14,2
DA:20,2
DA:23,12
DA:24,2
DA:34,2
LF:10
LH:10
BRF:0
BRH:0
end_of_record
TN:
SF:src/services/favorite-service.ts
FN:6,(anonymous_0)
FN:10,(anonymous_1)
FN:44,(anonymous_2)
FN:60,(anonymous_3)
FN:74,(anonymous_4)
FNF:5
FNH:5
FNDA:2,(anonymous_0)
FNDA:2,(anonymous_1)
FNDA:1,(anonymous_2)
FNDA:2,(anonymous_3)
FNDA:2,(anonymous_4)
DA:2,13
DA:6,13
DA:10,2
DA:11,2
DA:17,2
DA:18,1
DA:24,1
DA:27,1
DA:31,1
DA:35,1
DA:38,2
DA:44,13
DA:45,1
DA:60,1
DA:61,2
DA:62,2
DA:74,13
DA:75,2
DA:81,2
DA:82,1
DA:85,1
DA:91,1
LF:22
LH:22
BRDA:17,0,0,1
BRDA:17,0,1,1
BRDA:66,1,0,2
BRDA:66,1,1,0
BRDA:81,2,0,1
BRDA:81,2,1,1
BRF:6
BRH:5
end_of_record
TN:
SF:src/services/order-service.ts
FN:14,(anonymous_0)
FN:56,(anonymous_1)
FN:63,(anonymous_2)
FN:76,(anonymous_3)
FN:117,(anonymous_4)
FNF:5
FNH:5
FNDA:3,(anonymous_0)
FNDA:1,(anonymous_1)
FNDA:2,(anonymous_2)
FNDA:3,(anonymous_3)
FNDA:2,(anonymous_4)
DA:3,11
DA:4,11
DA:14,11
DA:15,3
DA:16,3
DA:18,3
DA:19,3
DA:20,3
DA:21,2
DA:22,2
DA:31,3
DA:33,3
DA:50,3
DA:52,2
DA:56,11
DA:57,1
DA:63,11
DA:64,2
DA:76,11
DA:77,3
DA:113,3
DA:115,2
DA:117,2
LF:23
LH:23
BRDA:20,0,0,2
BRDA:20,0,1,1
BRDA:50,1,0,1
BRDA:50,1,1,2
BRDA:113,2,0,1
BRDA:113,2,1,2
BRDA:121,3,0,1
BRDA:121,3,1,1
BRF:8
BRH:8
end_of_record
TN:
SF:src/services/payment-service.ts
FN:7,(anonymous_0)
FN:18,(anonymous_1)
FN:37,oo_cm
FNF:3
FNH:3
FNDA:3,(anonymous_0)
FNDA:3,(anonymous_1)
FNDA:1,oo_cm
DA:1,12
DA:7,12
DA:8,3
DA:9,3
DA:10,2
DA:11,1
DA:13,1
DA:18,12
DA:19,3
DA:20,3
DA:21,2
DA:22,2
DA:24,1
DA:26,1
DA:27,1
DA:37,12
LF:16
LH:16
BRDA:10,0,0,1
BRDA:10,0,1,1
BRDA:22,1,0,1
BRDA:22,1,1,1
BRDA:37,2,0,1
BRDA:37,2,1,1
BRF:6
BRH:6
end_of_record
TN:
SF:src/services/products-service.ts
FN:5,(anonymous_0)
FN:89,(anonymous_1)
FN:109,(anonymous_2)
FN:126,(anonymous_3)
FN:131,(anonymous_4)
FN:142,(anonymous_5)
FN:166,(anonymous_6)
FNF:7
FNH:7
FNDA:4,(anonymous_0)
FNDA:1,(anonymous_1)
FNDA:3,(anonymous_2)
FNDA:2,(anonymous_3)
FNDA:1,(anonymous_4)
FNDA:3,(anonymous_5)
FNDA:2,(anonymous_6)
DA:2,15
DA:5,15
DA:6,4
DA:7,4
DA:8,4
DA:9,4
DA:10,4
DA:12,0
DA:13,0
DA:16,0
DA:17,0
DA:20,1
DA:21,1
DA:24,3
DA:27,4
DA:28,4
DA:29,4
DA:30,1
DA:31,1
DA:32,1
DA:34,1
DA:46,4
DA:47,1
DA:64,4
DA:65,2
DA:69,4
DA:89,4
DA:96,4
DA:109,15
DA:110,3
DA:121,3
DA:122,1
DA:124,2
DA:126,2
DA:131,15
DA:132,1
DA:142,15
DA:143,3
DA:147,3
DA:149,2
DA:166,2
LF:41
LH:37
BRDA:6,0,0,4
BRDA:6,0,1,3
BRDA:7,1,0,4
BRDA:7,1,1,3
BRDA:10,2,0,0
BRDA:10,2,1,0
BRDA:10,2,2,1
BRDA:10,2,3,3
BRDA:12,3,0,0
BRDA:12,3,1,0
BRDA:16,4,0,0
BRDA:16,4,1,0
BRDA:20,5,0,1
BRDA:20,5,1,0
BRDA:29,6,0,1
BRDA:29,6,1,3
BRDA:32,7,0,0
BRDA:32,7,1,1
BRDA:32,8,0,1
BRDA:32,8,1,1
BRDA:46,9,0,1
BRDA:46,9,1,3
BRDA:64,10,0,2
BRDA:64,10,1,2
BRDA:91,11,0,1
BRDA:91,11,1,0
BRDA:121,12,0,1
BRDA:121,12,1,2
BRDA:126,13,0,1
BRDA:126,13,1,1
BRDA:142,14,0,3
BRDA:147,15,0,1
BRDA:147,15,1,2
BRDA:168,16,0,1
BRDA:168,16,1,1
BRF:35
BRH:26
end_of_record
TN:
SF:src/services/user-service.ts
FN:8,(anonymous_1)
FN:30,(anonymous_2)
FN:81,(anonymous_3)
FN:94,(anonymous_4)
FN:110,(anonymous_5)
FN:128,(anonymous_6)
FN:146,(anonymous_7)
FN:168,(anonymous_8)
FNF:8
FNH:7
FNDA:3,(anonymous_1)
FNDA:3,(anonymous_2)
FNDA:0,(anonymous_3)
FNDA:1,(anonymous_4)
FNDA:1,(anonymous_5)
FNDA:2,(anonymous_6)
FNDA:2,(anonymous_7)
FNDA:2,(anonymous_8)
DA:1,11
DA:3,11
DA:4,11
DA:5,11
DA:8,11
DA:9,3
DA:11,3
DA:12,3
DA:14,2
DA:16,2
DA:24,2
DA:25,1
DA:30,11
DA:31,3
DA:32,3
DA:33,3
DA:35,2
DA:36,2
DA:39,1
DA:45,1
DA:46,1
DA:54,1
DA:56,1
DA:57,1
DA:59,1
DA:70,1
DA:81,11
DA:82,0
DA:91,0
DA:94,11
DA:95,1
DA:106,1
DA:110,11
DA:111,1
DA:128,11
DA:129,2
DA:146,11
DA:147,2
DA:153,2
DA:154,1
DA:158,1
DA:164,1
DA:168,11
DA:169,2
DA:175,2
DA:176,1
DA:178,1
DA:188,1
DA:195,1
LF:49
LH:47
BRDA:12,0,0,1
BRDA:12,0,1,2
BRDA:24,1,0,1
BRDA:24,1,1,1
BRDA:33,2,0,1
BRDA:33,2,1,2
BRDA:36,3,0,1
BRDA:36,3,1,1
BRDA:102,4,0,1
BRDA:102,4,1,0
BRDA:153,5,0,1
BRDA:153,5,1,1
BRDA:175,6,0,1
BRDA:175,6,1,1
BRDA:185,7,0,1
BRDA:185,7,1,0
BRF:16
BRH:14
end_of_record
TN:
SF:src/services/auth/cleanup-refresh-tokens-service.ts
FN:3,(anonymous_0)
FNF:1
FNH:1
FNDA:2,(anonymous_0)
DA:1,1
DA:3,1
DA:4,2
DA:6,2
DA:15,1
LF:5
LH:5
BRF:0
BRH:0
end_of_record
TN:
SF:src/services/auth/logout-service.ts
FN:5,(anonymous_1)
FNF:1
FNH:1
FNDA:3,(anonymous_1)
DA:1,13
DA:2,13
DA:5,13
DA:7,3
DA:8,3
DA:13,2
DA:17,1
DA:20,1
DA:22,1
DA:25,1
LF:10
LH:10
BRDA:13,0,0,1
BRDA:13,0,1,1
BRDA:14,1,0,2
BRDA:14,1,1,2
BRF:4
BRH:4
end_of_record
TN:
SF:src/services/auth/refresh-token-service.ts
FN:9,(anonymous_1)
FN:43,(anonymous_2)
FNF:2
FNH:2
FNDA:5,(anonymous_1)
FNDA:1,(anonymous_2)
DA:1,14
DA:2,14
DA:3,14
DA:4,14
DA:6,14
DA:9,14
DA:10,5
DA:15,5
DA:20,1
DA:23,4
DA:24,4
DA:26,4
DA:27,0
DA:30,4
DA:34,4
DA:35,2
DA:38,2
DA:39,2
DA:40,1
DA:43,1
DA:44,1
DA:49,1
DA:51,1
DA:57,1
DA:68,1
DA:74,1
LF:26
LH:25
BRDA:15,0,0,1
BRDA:15,0,1,4
BRDA:16,1,0,5
BRDA:16,1,1,4
BRDA:16,1,2,4
BRDA:26,2,0,0
BRDA:26,2,1,4
BRDA:34,3,0,2
BRDA:34,3,1,2
BRDA:34,4,0,4
BRDA:34,4,1,3
BRDA:39,5,0,1
BRDA:39,5,1,1
BRF:13
BRH:12
end_of_record
