TN:
SF:src/controllers/banner-controller.ts
FN:7,(anonymous_0)
FN:9,(anonymous_1)
FNF:2
FNH:0
FNDA:0,(anonymous_0)
FNDA:0,(anonymous_1)
DA:1,2
DA:2,2
DA:4,2
DA:7,2
DA:8,0
DA:9,0
DA:13,0
LF:7
LH:4
BRF:0
BRH:0
end_of_record
TN:
SF:src/controllers/cart-controller.ts
FN:15,(anonymous_0)
FN:27,(anonymous_1)
FN:47,(anonymous_2)
FN:69,(anonymous_3)
FNF:4
FNH:4
FNDA:3,(anonymous_0)
FNDA:2,(anonymous_1)
FNDA:2,(anonymous_2)
FNDA:3,(anonymous_3)
DA:1,2
DA:3,2
DA:4,2
DA:5,2
DA:6,2
DA:7,2
DA:8,2
DA:9,2
DA:10,2
DA:11,2
DA:15,2
DA:16,3
DA:17,3
DA:18,1
DA:26,2
DA:28,2
DA:29,2
DA:31,1
DA:43,2
DA:47,2
DA:48,2
DA:49,2
DA:50,1
DA:58,1
DA:69,2
DA:70,3
DA:72,3
DA:73,1
DA:80,2
DA:81,2
DA:82,0
DA:90,2
DA:92,2
DA:93,2
DA:95,1
DA:102,1
DA:109,1
DA:110,0
DA:118,1
DA:124,1
DA:125,0
DA:132,1
LF:42
LH:39
BRDA:17,0,0,1
BRDA:17,0,1,2
BRDA:29,1,0,1
BRDA:29,1,1,1
BRDA:35,2,0,1
BRDA:35,2,1,0
BRDA:49,3,0,1
BRDA:49,3,1,1
BRDA:72,4,0,1
BRDA:72,4,1,2
BRDA:81,5,0,0
BRDA:81,5,1,2
BRDA:93,6,0,1
BRDA:93,6,1,1
BRDA:109,7,0,0
BRDA:109,7,1,1
BRDA:124,8,0,0
BRDA:124,8,1,1
BRF:18
BRH:14
end_of_record
TN:
SF:src/controllers/category-controller.ts
FN:6,(anonymous_0)
FNF:1
FNH:0
FNDA:0,(anonymous_0)
DA:1,2
DA:2,2
DA:3,2
DA:6,2
DA:7,0
DA:9,0
DA:10,0
DA:11,0
DA:19,0
DA:22,0
LF:10
LH:4
BRDA:7,0,0,0
BRDA:7,0,1,0
BRDA:10,1,0,0
BRDA:10,1,1,0
BRF:4
BRH:0
end_of_record
TN:
SF:src/controllers/favorites-controller.ts
FN:7,(anonymous_0)
FN:38,(anonymous_1)
FN:57,(anonymous_2)
FNF:3
FNH:0
FNDA:0,(anonymous_0)
FNDA:0,(anonymous_1)
FNDA:0,(anonymous_2)
DA:2,2
DA:3,2
DA:4,2
DA:5,2
DA:7,2
DA:8,0
DA:9,0
DA:10,0
DA:17,0
DA:19,0
DA:20,0
DA:28,0
DA:32,0
DA:38,2
DA:39,0
DA:40,0
DA:41,0
DA:48,0
DA:50,0
DA:57,2
DA:58,0
DA:59,0
DA:60,0
DA:67,0
DA:68,0
DA:69,0
DA:77,0
DA:79,0
DA:81,0
LF:29
LH:7
BRDA:9,0,0,0
BRDA:9,0,1,0
BRDA:19,1,0,0
BRDA:19,1,1,0
BRDA:32,2,0,0
BRDA:32,2,1,0
BRDA:40,3,0,0
BRDA:40,3,1,0
BRDA:59,4,0,0
BRDA:59,4,1,0
BRDA:68,5,0,0
BRDA:68,5,1,0
BRF:12
BRH:0
end_of_record
TN:
SF:src/controllers/order-controller.ts
FN:10,(anonymous_0)
FN:36,(anonymous_1)
FN:54,(anonymous_2)
FNF:3
FNH:0
FNDA:0,(anonymous_0)
FNDA:0,(anonymous_1)
FNDA:0,(anonymous_2)
DA:1,2
DA:2,2
DA:3,2
DA:4,2
DA:5,2
DA:6,2
DA:10,2
DA:11,0
DA:12,0
DA:13,0
DA:21,0
DA:23,0
DA:24,0
DA:25,0
DA:32,0
DA:36,2
DA:37,0
DA:38,0
DA:39,0
DA:47,0
DA:50,0
DA:54,2
DA:55,0
DA:56,0
DA:57,0
DA:63,0
DA:64,0
DA:65,0
DA:73,0
DA:75,0
DA:76,0
DA:77,0
DA:85,0
LF:33
LH:9
BRDA:12,0,0,0
BRDA:12,0,1,0
BRDA:24,1,0,0
BRDA:24,1,1,0
BRDA:38,2,0,0
BRDA:38,2,1,0
BRDA:56,3,0,0
BRDA:56,3,1,0
BRDA:64,4,0,0
BRDA:64,4,1,0
BRDA:76,5,0,0
BRDA:76,5,1,0
BRF:12
BRH:0
end_of_record
TN:
SF:src/controllers/products-controller.ts
FN:13,(anonymous_0)
FN:47,(anonymous_1)
FN:58,(anonymous_2)
FN:82,(anonymous_3)
FN:100,(anonymous_4)
FN:120,(anonymous_5)
FNF:6
FNH:0
FNDA:0,(anonymous_0)
FNDA:0,(anonymous_1)
FNDA:0,(anonymous_2)
FNDA:0,(anonymous_3)
FNDA:0,(anonymous_4)
FNDA:0,(anonymous_5)
DA:2,2
DA:3,2
DA:4,2
DA:5,2
DA:7,2
DA:8,2
DA:9,2
DA:10,2
DA:13,2
DA:14,0
DA:16,0
DA:17,0
DA:24,0
DA:27,0
DA:28,0
DA:30,0
DA:38,0
DA:47,0
DA:54,0
DA:58,2
DA:59,0
DA:61,0
DA:62,0
DA:70,0
DA:71,0
DA:72,0
DA:73,0
DA:80,0
DA:82,0
DA:85,0
DA:86,0
DA:89,0
DA:100,2
DA:101,0
DA:102,0
DA:104,0
DA:105,0
DA:116,0
DA:117,0
DA:118,0
DA:120,0
DA:127,0
LF:42
LH:11
BRDA:16,0,0,0
BRDA:16,0,1,0
BRDA:28,1,0,0
BRDA:28,1,1,0
BRDA:49,2,0,0
BRDA:49,2,1,0
BRDA:61,3,0,0
BRDA:61,3,1,0
BRDA:72,4,0,0
BRDA:72,4,1,0
BRDA:104,5,0,0
BRDA:104,5,1,0
BRDA:104,6,0,0
BRDA:104,6,1,0
BRDA:110,7,0,0
BRDA:110,7,1,0
BRDA:111,8,0,0
BRDA:111,8,1,0
BRDA:118,9,0,0
BRDA:118,9,1,0
BRDA:122,10,0,0
BRDA:122,10,1,0
BRF:22
BRH:0
end_of_record
TN:
SF:src/controllers/user-controller.ts
FN:15,(anonymous_0)
FN:35,(anonymous_1)
FN:67,(anonymous_2)
FN:85,(anonymous_3)
FN:109,(anonymous_4)
FN:120,(anonymous_5)
FN:138,(anonymous_6)
FNF:7
FNH:0
FNDA:0,(anonymous_0)
FNDA:0,(anonymous_1)
FNDA:0,(anonymous_2)
FNDA:0,(anonymous_3)
FNDA:0,(anonymous_4)
FNDA:0,(anonymous_5)
FNDA:0,(anonymous_6)
DA:2,2
DA:3,2
DA:4,2
DA:5,2
DA:6,2
DA:7,2
DA:8,2
DA:9,2
DA:10,2
DA:11,2
DA:15,2
DA:16,0
DA:22,0
DA:23,0
DA:24,0
DA:31,0
DA:35,2
DA:36,0
DA:43,0
DA:44,0
DA:45,0
DA:52,0
DA:54,0
DA:58,0
DA:67,2
DA:68,0
DA:69,0
DA:71,0
DA:72,0
DA:79,0
DA:85,2
DA:86,0
DA:88,0
DA:94,0
DA:96,0
DA:97,0
DA:104,0
DA:109,2
DA:110,0
DA:112,0
DA:114,0
DA:120,2
DA:121,0
DA:123,0
DA:125,0
DA:127,0
DA:128,0
DA:135,0
DA:138,2
DA:139,0
DA:140,0
DA:141,0
DA:147,0
DA:149,0
DA:150,0
DA:157,0
LF:56
LH:17
BRDA:23,0,0,0
BRDA:23,0,1,0
BRDA:44,1,0,0
BRDA:44,1,1,0
BRDA:71,2,0,0
BRDA:71,2,1,0
BRDA:96,3,0,0
BRDA:96,3,1,0
BRDA:127,4,0,0
BRDA:127,4,1,0
BRDA:149,5,0,0
BRDA:149,5,1,0
BRF:12
BRH:0
end_of_record
TN:
SF:src/controllers/webhook-controller.ts
FN:7,(anonymous_0)
FNF:1
FNH:0
FNDA:0,(anonymous_0)
DA:1,2
DA:2,2
DA:3,2
DA:7,2
DA:8,0
DA:9,0
DA:10,0
DA:11,0
DA:12,0
DA:13,0
DA:14,0
DA:17,0
DA:21,0
DA:22,0
DA:25,0
DA:26,0
DA:31,0
LF:17
LH:4
BRDA:12,0,0,0
BRDA:12,0,1,0
BRDA:17,1,0,0
BRDA:17,1,1,0
BRDA:17,1,2,0
BRDA:17,1,3,0
BRF:6
BRH:0
end_of_record
TN:
SF:src/controllers/auth/logout-controller.ts
FN:6,(anonymous_0)
FNF:1
FNH:0
FNDA:0,(anonymous_0)
DA:2,2
DA:3,2
DA:4,2
DA:6,2
DA:7,0
DA:9,0
DA:10,0
DA:13,0
DA:17,0
LF:9
LH:4
BRDA:9,0,0,0
BRDA:9,0,1,0
BRF:2
BRH:0
end_of_record
TN:
SF:src/controllers/auth/refresh-token-controller.ts
FN:7,(anonymous_0)
FNF:1
FNH:0
FNDA:0,(anonymous_0)
DA:2,2
DA:3,2
DA:4,2
DA:5,2
DA:7,2
DA:9,0
DA:11,0
DA:12,0
DA:19,0
DA:20,0
DA:22,0
DA:26,0
DA:35,0
LF:13
LH:5
BRDA:11,0,0,0
BRDA:11,0,1,0
BRF:2
BRH:0
end_of_record
TN:
SF:src/controllers/helpers/getAuthenticatedUser.ts
FN:4,getAuthenticatedUser
FNF:1
FNH:0
FNDA:0,getAuthenticatedUser
DA:1,2
DA:2,2
DA:4,2
DA:5,0
DA:7,0
DA:8,0
DA:15,0
LF:7
LH:3
BRDA:7,0,0,0
BRDA:7,0,1,0
BRF:2
BRH:0
end_of_record
TN:
SF:src/controllers/helpers/parsedIdParams.ts
FN:4,parseIdParam
FNF:1
FNH:0
FNDA:0,parseIdParam
DA:1,2
DA:2,2
DA:4,2
DA:7,0
DA:8,0
DA:15,0
DA:16,0
DA:24,0
DA:26,0
DA:27,0
DA:33,0
LF:11
LH:3
BRDA:6,0,0,0
BRDA:7,1,0,0
BRDA:7,1,1,0
BRDA:15,2,0,0
BRDA:15,2,1,0
BRDA:26,3,0,0
BRDA:26,3,1,0
BRF:7
BRH:0
end_of_record
TN:
SF:src/controllers/helpers/validateSchema.ts
FN:5,validateSchema
FNF:1
FNH:0
FNDA:0,validateSchema
DA:2,2
DA:3,2
DA:5,2
DA:10,0
DA:12,0
DA:13,0
DA:21,0
LF:7
LH:3
BRDA:8,0,0,0
BRDA:12,1,0,0
BRDA:12,1,1,0
BRF:3
BRH:0
end_of_record
TN:
SF:src/services/banner-service.ts
FN:3,(anonymous_0)
FN:8,(anonymous_1)
FNF:2
FNH:0
FNDA:0,(anonymous_0)
FNDA:0,(anonymous_1)
DA:1,2
DA:3,2
DA:4,0
DA:8,0
LF:4
LH:2
BRF:0
BRH:0
end_of_record
TN:
SF:src/services/category-service.ts
FN:3,(anonymous_0)
FN:13,(anonymous_1)
FN:23,(anonymous_2)
FNF:3
FNH:0
FNDA:0,(anonymous_0)
FNDA:0,(anonymous_1)
FNDA:0,(anonymous_2)
DA:1,2
DA:3,2
DA:4,0
DA:10,0
DA:13,2
DA:14,0
DA:20,0
DA:23,2
DA:24,0
DA:34,0
LF:10
LH:4
BRF:0
BRH:0
end_of_record
TN:
SF:src/services/favorite-service.ts
FN:6,(anonymous_0)
FN:10,(anonymous_1)
FN:44,(anonymous_2)
FN:60,(anonymous_3)
FN:74,(anonymous_4)
FNF:5
FNH:0
FNDA:0,(anonymous_0)
FNDA:0,(anonymous_1)
FNDA:0,(anonymous_2)
FNDA:0,(anonymous_3)
FNDA:0,(anonymous_4)
DA:2,2
DA:6,2
DA:10,0
DA:11,0
DA:17,0
DA:18,0
DA:24,0
DA:27,0
DA:31,0
DA:35,0
DA:38,0
DA:44,2
DA:45,0
DA:60,0
DA:61,0
DA:62,0
DA:74,2
DA:75,0
DA:81,0
DA:82,0
DA:85,0
DA:91,0
LF:22
LH:4
BRDA:17,0,0,0
BRDA:17,0,1,0
BRDA:66,1,0,0
BRDA:66,1,1,0
BRDA:81,2,0,0
BRDA:81,2,1,0
BRF:6
BRH:0
end_of_record
TN:
SF:src/services/order-service.ts
FN:14,(anonymous_0)
FN:56,(anonymous_1)
FN:63,(anonymous_2)
FN:76,(anonymous_3)
FN:117,(anonymous_4)
FNF:5
FNH:0
FNDA:0,(anonymous_0)
FNDA:0,(anonymous_1)
FNDA:0,(anonymous_2)
FNDA:0,(anonymous_3)
FNDA:0,(anonymous_4)
DA:3,1
DA:4,1
DA:14,1
DA:15,0
DA:16,0
DA:18,0
DA:19,0
DA:20,0
DA:21,0
DA:22,0
DA:31,0
DA:33,0
DA:50,0
DA:52,0
DA:56,1
DA:57,0
DA:63,1
DA:64,0
DA:76,1
DA:77,0
DA:113,0
DA:115,0
DA:117,0
LF:23
LH:6
BRDA:20,0,0,0
BRDA:20,0,1,0
BRDA:50,1,0,0
BRDA:50,1,1,0
BRDA:113,2,0,0
BRDA:113,2,1,0
BRDA:121,3,0,0
BRDA:121,3,1,0
BRF:8
BRH:0
end_of_record
TN:
SF:src/services/payment-service.ts
FN:7,(anonymous_0)
FN:19,(anonymous_1)
FNF:2
FNH:2
FNDA:3,(anonymous_0)
FNDA:3,(anonymous_1)
DA:1,2
DA:7,2
DA:8,3
DA:9,3
DA:10,2
DA:11,1
DA:13,1
DA:14,1
DA:19,2
DA:20,3
DA:21,3
DA:22,2
DA:23,2
DA:25,1
DA:27,1
DA:28,1
LF:16
LH:16
BRDA:10,0,0,1
BRDA:10,0,1,1
BRDA:23,1,0,1
BRDA:23,1,1,1
BRF:4
BRH:4
end_of_record
TN:
SF:src/services/products-service.ts
FN:5,(anonymous_0)
FN:89,(anonymous_1)
FN:109,(anonymous_2)
FN:126,(anonymous_3)
FN:131,(anonymous_4)
FN:142,(anonymous_5)
FN:166,(anonymous_6)
FNF:7
FNH:0
FNDA:0,(anonymous_0)
FNDA:0,(anonymous_1)
FNDA:0,(anonymous_2)
FNDA:0,(anonymous_3)
FNDA:0,(anonymous_4)
FNDA:0,(anonymous_5)
FNDA:0,(anonymous_6)
DA:2,1
DA:5,1
DA:6,0
DA:7,0
DA:8,0
DA:9,0
DA:10,0
DA:12,0
DA:13,0
DA:16,0
DA:17,0
DA:20,0
DA:21,0
DA:24,0
DA:27,0
DA:28,0
DA:29,0
DA:30,0
DA:31,0
DA:32,0
DA:34,0
DA:46,0
DA:47,0
DA:64,0
DA:65,0
DA:69,0
DA:89,0
DA:96,0
DA:109,1
DA:110,0
DA:121,0
DA:122,0
DA:124,0
DA:126,0
DA:131,1
DA:132,0
DA:142,1
DA:143,0
DA:147,0
DA:149,0
DA:166,0
LF:41
LH:5
BRDA:6,0,0,0
BRDA:6,0,1,0
BRDA:7,1,0,0
BRDA:7,1,1,0
BRDA:10,2,0,0
BRDA:10,2,1,0
BRDA:10,2,2,0
BRDA:10,2,3,0
BRDA:12,3,0,0
BRDA:12,3,1,0
BRDA:16,4,0,0
BRDA:16,4,1,0
BRDA:20,5,0,0
BRDA:20,5,1,0
BRDA:29,6,0,0
BRDA:29,6,1,0
BRDA:32,7,0,0
BRDA:32,7,1,0
BRDA:32,8,0,0
BRDA:32,8,1,0
BRDA:46,9,0,0
BRDA:46,9,1,0
BRDA:64,10,0,0
BRDA:64,10,1,0
BRDA:91,11,0,0
BRDA:91,11,1,0
BRDA:121,12,0,0
BRDA:121,12,1,0
BRDA:126,13,0,0
BRDA:126,13,1,0
BRDA:142,14,0,0
BRDA:147,15,0,0
BRDA:147,15,1,0
BRDA:168,16,0,0
BRDA:168,16,1,0
BRF:35
BRH:0
end_of_record
TN:
SF:src/services/user-service.ts
FN:8,(anonymous_1)
FN:30,(anonymous_2)
FN:81,(anonymous_3)
FN:94,(anonymous_4)
FN:110,(anonymous_5)
FN:128,(anonymous_6)
FN:146,(anonymous_7)
FN:168,(anonymous_8)
FNF:8
FNH:0
FNDA:0,(anonymous_1)
FNDA:0,(anonymous_2)
FNDA:0,(anonymous_3)
FNDA:0,(anonymous_4)
FNDA:0,(anonymous_5)
FNDA:0,(anonymous_6)
FNDA:0,(anonymous_7)
FNDA:0,(anonymous_8)
DA:1,1
DA:3,1
DA:4,1
DA:5,1
DA:8,1
DA:9,0
DA:11,0
DA:12,0
DA:14,0
DA:16,0
DA:24,0
DA:25,0
DA:30,1
DA:31,0
DA:32,0
DA:33,0
DA:35,0
DA:36,0
DA:39,0
DA:45,0
DA:46,0
DA:54,0
DA:56,0
DA:57,0
DA:59,0
DA:70,0
DA:81,1
DA:82,0
DA:91,0
DA:94,1
DA:95,0
DA:106,0
DA:110,1
DA:111,0
DA:128,1
DA:129,0
DA:146,1
DA:147,0
DA:153,0
DA:154,0
DA:158,0
DA:164,0
DA:168,1
DA:169,0
DA:175,0
DA:176,0
DA:178,0
DA:188,0
DA:195,0
LF:49
LH:12
BRDA:12,0,0,0
BRDA:12,0,1,0
BRDA:24,1,0,0
BRDA:24,1,1,0
BRDA:33,2,0,0
BRDA:33,2,1,0
BRDA:36,3,0,0
BRDA:36,3,1,0
BRDA:102,4,0,0
BRDA:102,4,1,0
BRDA:153,5,0,0
BRDA:153,5,1,0
BRDA:175,6,0,0
BRDA:175,6,1,0
BRDA:185,7,0,0
BRDA:185,7,1,0
BRF:16
BRH:0
end_of_record
TN:
SF:src/services/auth/cleanup-refresh-tokens-service.ts
FN:3,(anonymous_0)
FNF:1
FNH:0
FNDA:0,(anonymous_0)
DA:1,0
DA:3,0
DA:4,0
DA:6,0
DA:15,0
LF:5
LH:0
BRF:0
BRH:0
end_of_record
TN:
SF:src/services/auth/logout-service.ts
FN:5,(anonymous_1)
FNF:1
FNH:0
FNDA:0,(anonymous_1)
DA:1,2
DA:2,2
DA:5,2
DA:7,0
DA:8,0
DA:13,0
DA:17,0
DA:20,0
DA:22,0
DA:25,0
LF:10
LH:3
BRDA:13,0,0,0
BRDA:13,0,1,0
BRDA:14,1,0,0
BRDA:14,1,1,0
BRF:4
BRH:0
end_of_record
TN:
SF:src/services/auth/refresh-token-service.ts
FN:9,(anonymous_1)
FN:43,(anonymous_2)
FNF:2
FNH:0
FNDA:0,(anonymous_1)
FNDA:0,(anonymous_2)
DA:1,2
DA:2,2
DA:3,2
DA:4,2
DA:6,2
DA:9,2
DA:10,0
DA:15,0
DA:20,0
DA:23,0
DA:24,0
DA:26,0
DA:27,0
DA:30,0
DA:34,0
DA:35,0
DA:38,0
DA:39,0
DA:40,0
DA:43,0
DA:44,0
DA:49,0
DA:51,0
DA:57,0
DA:68,0
DA:74,0
LF:26
LH:6
BRDA:15,0,0,0
BRDA:15,0,1,0
BRDA:16,1,0,0
BRDA:16,1,1,0
BRDA:16,1,2,0
BRDA:26,2,0,0
BRDA:26,2,1,0
BRDA:34,3,0,0
BRDA:34,3,1,0
BRDA:34,4,0,0
BRDA:34,4,1,0
BRDA:39,5,0,0
BRDA:39,5,1,0
BRF:13
BRH:0
end_of_record
